2021-02-04 16:20:36,813 [myid:] - INFO  [main:QuorumPeerConfig@174] - Reading configuration from: /Users/hudewu/Desktop/dev/zookeeper-cluster/node01/bin/../conf/zoo.cfg
2021-02-04 16:20:36,836 [myid:] - INFO  [main:QuorumPeerConfig@460] - clientPortAddress is 0.0.0.0:2181
2021-02-04 16:20:36,836 [myid:] - INFO  [main:QuorumPeerConfig@464] - secureClientPort is not set
2021-02-04 16:20:36,836 [myid:] - INFO  [main:QuorumPeerConfig@480] - observerMasterPort is not set
2021-02-04 16:20:36,837 [myid:] - INFO  [main:QuorumPeerConfig@497] - metricsProvider.className is org.apache.zookeeper.metrics.impl.DefaultMetricsProvider
2021-02-04 16:20:36,846 [myid:1] - INFO  [main:DatadirCleanupManager@78] - autopurge.snapRetainCount set to 3
2021-02-04 16:20:36,847 [myid:1] - INFO  [main:DatadirCleanupManager@79] - autopurge.purgeInterval set to 0
2021-02-04 16:20:36,847 [myid:1] - INFO  [main:DatadirCleanupManager@101] - Purge task is not scheduled.
2021-02-04 16:20:36,850 [myid:1] - INFO  [main:ManagedUtil@44] - Log4j 1.2 jmx support found and enabled.
2021-02-04 16:20:36,857 [myid:1] - INFO  [main:QuorumPeerMain@151] - Starting quorum peer, myid=1
2021-02-04 16:20:36,920 [myid:1] - INFO  [main:ServerMetrics@62] - ServerMetrics initialized with provider org.apache.zookeeper.metrics.impl.DefaultMetricsProvider@7c30a502
2021-02-04 16:20:36,931 [myid:1] - INFO  [main:ServerCnxnFactory@169] - Using org.apache.zookeeper.server.NIOServerCnxnFactory as server connection factory
2021-02-04 16:20:36,932 [myid:1] - WARN  [main:ServerCnxnFactory@309] - maxCnxns is not configured, using default value 0.
2021-02-04 16:20:36,933 [myid:1] - INFO  [main:NIOServerCnxnFactory@666] - Configuring NIO connection handler with 10s sessionless connection timeout, 1 selector thread(s), 8 worker threads, and 64 kB direct buffers.
2021-02-04 16:20:36,943 [myid:1] - INFO  [main:NIOServerCnxnFactory@674] - binding to port 0.0.0.0/0.0.0.0:2181
2021-02-04 16:20:36,953 [myid:1] - INFO  [main:QuorumPeer@752] - zookeeper.quorumCnxnTimeoutMs=-1
2021-02-04 16:20:36,984 [myid:1] - INFO  [main:Log@169] - Logging initialized @5524ms to org.eclipse.jetty.util.log.Slf4jLog
2021-02-04 16:20:37,082 [myid:1] - WARN  [main:ContextHandler@1520] - o.e.j.s.ServletContextHandler@59e5ddf{/,null,UNAVAILABLE} contextPath ends with /*
2021-02-04 16:20:37,083 [myid:1] - WARN  [main:ContextHandler@1531] - Empty contextPath
2021-02-04 16:20:37,110 [myid:1] - INFO  [main:X509Util@77] - Setting -D jdk.tls.rejectClientInitiatedRenegotiation=true to disable client-initiated TLS renegotiation
2021-02-04 16:20:37,115 [myid:1] - INFO  [main:FileTxnSnapLog@124] - zookeeper.snapshot.trust.empty : false
2021-02-04 16:20:37,120 [myid:1] - INFO  [main:QuorumPeer@1683] - Local sessions disabled
2021-02-04 16:20:37,120 [myid:1] - INFO  [main:QuorumPeer@1694] - Local session upgrading disabled
2021-02-04 16:20:37,120 [myid:1] - INFO  [main:QuorumPeer@1661] - tickTime set to 2000
2021-02-04 16:20:37,121 [myid:1] - INFO  [main:QuorumPeer@1705] - minSessionTimeout set to 4000
2021-02-04 16:20:37,121 [myid:1] - INFO  [main:QuorumPeer@1716] - maxSessionTimeout set to 40000
2021-02-04 16:20:37,121 [myid:1] - INFO  [main:QuorumPeer@1741] - initLimit set to 10
2021-02-04 16:20:37,121 [myid:1] - INFO  [main:QuorumPeer@1928] - syncLimit set to 5
2021-02-04 16:20:37,121 [myid:1] - INFO  [main:QuorumPeer@1943] - connectToLearnerMasterLimit set to 0
2021-02-04 16:20:37,132 [myid:1] - INFO  [main:ZookeeperBanner@42] - 
2021-02-04 16:20:37,132 [myid:1] - INFO  [main:ZookeeperBanner@42] -   ______                  _                                          
2021-02-04 16:20:37,132 [myid:1] - INFO  [main:ZookeeperBanner@42] -  |___  /                 | |                                         
2021-02-04 16:20:37,132 [myid:1] - INFO  [main:ZookeeperBanner@42] -     / /    ___     ___   | | __   ___    ___   _ __     ___   _ __   
2021-02-04 16:20:37,132 [myid:1] - INFO  [main:ZookeeperBanner@42] -    / /    / _ \   / _ \  | |/ /  / _ \  / _ \ | '_ \   / _ \ | '__|
2021-02-04 16:20:37,132 [myid:1] - INFO  [main:ZookeeperBanner@42] -   / /__  | (_) | | (_) | |   <  |  __/ |  __/ | |_) | |  __/ | |    
2021-02-04 16:20:37,133 [myid:1] - INFO  [main:ZookeeperBanner@42] -  /_____|  \___/   \___/  |_|\_\  \___|  \___| | .__/   \___| |_|
2021-02-04 16:20:37,133 [myid:1] - INFO  [main:ZookeeperBanner@42] -                                               | |                     
2021-02-04 16:20:37,133 [myid:1] - INFO  [main:ZookeeperBanner@42] -                                               |_|                     
2021-02-04 16:20:37,133 [myid:1] - INFO  [main:ZookeeperBanner@42] - 
2021-02-04 16:20:42,318 [myid:1] - INFO  [main:Environment@98] - Server environment:zookeeper.version=3.6.2--803c7f1a12f85978cb049af5e4ef23bd8b688715, built on 09/04/2020 12:44 GMT
2021-02-04 16:20:42,318 [myid:1] - INFO  [main:Environment@98] - Server environment:host.name=192.168.1.8
2021-02-04 16:20:42,318 [myid:1] - INFO  [main:Environment@98] - Server environment:java.version=1.8.0_92
2021-02-04 16:20:42,318 [myid:1] - INFO  [main:Environment@98] - Server environment:java.vendor=Oracle Corporation
2021-02-04 16:20:42,318 [myid:1] - INFO  [main:Environment@98] - Server environment:java.home=/Library/Java/JavaVirtualMachines/jdk1.8.0_92.jdk/Contents/Home/jre
2021-02-04 16:20:42,319 [myid:1] - INFO  [main:Environment@98] - Server environment:java.class.path=/Users/hudewu/Desktop/dev/zookeeper-cluster/node01/bin/../zookeeper-server/target/classes:/Users/hudewu/Desktop/dev/zookeeper-cluster/node01/bin/../build/classes:/Users/hudewu/Desktop/dev/zookeeper-cluster/node01/bin/../zookeeper-server/target/lib/*.jar:/Users/hudewu/Desktop/dev/zookeeper-cluster/node01/bin/../build/lib/*.jar:/Users/hudewu/Desktop/dev/zookeeper-cluster/node01/bin/../lib/zookeeper-prometheus-metrics-3.6.2.jar:/Users/hudewu/Desktop/dev/zookeeper-cluster/node01/bin/../lib/zookeeper-jute-3.6.2.jar:/Users/hudewu/Desktop/dev/zookeeper-cluster/node01/bin/../lib/zookeeper-3.6.2.jar:/Users/hudewu/Desktop/dev/zookeeper-cluster/node01/bin/../lib/snappy-java-1.1.7.jar:/Users/hudewu/Desktop/dev/zookeeper-cluster/node01/bin/../lib/slf4j-log4j12-1.7.25.jar:/Users/hudewu/Desktop/dev/zookeeper-cluster/node01/bin/../lib/slf4j-api-1.7.25.jar:/Users/hudewu/Desktop/dev/zookeeper-cluster/node01/bin/../lib/simpleclient_servlet-0.6.0.jar:/Users/hudewu/Desktop/dev/zookeeper-cluster/node01/bin/../lib/simpleclient_hotspot-0.6.0.jar:/Users/hudewu/Desktop/dev/zookeeper-cluster/node01/bin/../lib/simpleclient_common-0.6.0.jar:/Users/hudewu/Desktop/dev/zookeeper-cluster/node01/bin/../lib/simpleclient-0.6.0.jar:/Users/hudewu/Desktop/dev/zookeeper-cluster/node01/bin/../lib/netty-transport-native-unix-common-4.1.50.Final.jar:/Users/hudewu/Desktop/dev/zookeeper-cluster/node01/bin/../lib/netty-transport-native-epoll-4.1.50.Final.jar:/Users/hudewu/Desktop/dev/zookeeper-cluster/node01/bin/../lib/netty-transport-4.1.50.Final.jar:/Users/hudewu/Desktop/dev/zookeeper-cluster/node01/bin/../lib/netty-resolver-4.1.50.Final.jar:/Users/hudewu/Desktop/dev/zookeeper-cluster/node01/bin/../lib/netty-handler-4.1.50.Final.jar:/Users/hudewu/Desktop/dev/zookeeper-cluster/node01/bin/../lib/netty-common-4.1.50.Final.jar:/Users/hudewu/Desktop/dev/zookeeper-cluster/node01/bin/../lib/netty-codec-4.1.50.Final.jar:/Users/hudewu/Desktop/dev/zookeeper-cluster/node01/bin/../lib/netty-buffer-4.1.50.Final.jar:/Users/hudewu/Desktop/dev/zookeeper-cluster/node01/bin/../lib/metrics-core-3.2.5.jar:/Users/hudewu/Desktop/dev/zookeeper-cluster/node01/bin/../lib/log4j-1.2.17.jar:/Users/hudewu/Desktop/dev/zookeeper-cluster/node01/bin/../lib/json-simple-1.1.1.jar:/Users/hudewu/Desktop/dev/zookeeper-cluster/node01/bin/../lib/jline-2.14.6.jar:/Users/hudewu/Desktop/dev/zookeeper-cluster/node01/bin/../lib/jetty-util-9.4.24.v20191120.jar:/Users/hudewu/Desktop/dev/zookeeper-cluster/node01/bin/../lib/jetty-servlet-9.4.24.v20191120.jar:/Users/hudewu/Desktop/dev/zookeeper-cluster/node01/bin/../lib/jetty-server-9.4.24.v20191120.jar:/Users/hudewu/Desktop/dev/zookeeper-cluster/node01/bin/../lib/jetty-security-9.4.24.v20191120.jar:/Users/hudewu/Desktop/dev/zookeeper-cluster/node01/bin/../lib/jetty-io-9.4.24.v20191120.jar:/Users/hudewu/Desktop/dev/zookeeper-cluster/node01/bin/../lib/jetty-http-9.4.24.v20191120.jar:/Users/hudewu/Desktop/dev/zookeeper-cluster/node01/bin/../lib/javax.servlet-api-3.1.0.jar:/Users/hudewu/Desktop/dev/zookeeper-cluster/node01/bin/../lib/jackson-databind-2.10.3.jar:/Users/hudewu/Desktop/dev/zookeeper-cluster/node01/bin/../lib/jackson-core-2.10.3.jar:/Users/hudewu/Desktop/dev/zookeeper-cluster/node01/bin/../lib/jackson-annotations-2.10.3.jar:/Users/hudewu/Desktop/dev/zookeeper-cluster/node01/bin/../lib/commons-lang-2.6.jar:/Users/hudewu/Desktop/dev/zookeeper-cluster/node01/bin/../lib/commons-cli-1.2.jar:/Users/hudewu/Desktop/dev/zookeeper-cluster/node01/bin/../lib/audience-annotations-0.5.0.jar:/Users/hudewu/Desktop/dev/zookeeper-cluster/node01/bin/../zookeeper-*.jar:/Users/hudewu/Desktop/dev/zookeeper-cluster/node01/bin/../zookeeper-server/src/main/resources/lib/*.jar:/Users/hudewu/Desktop/dev/zookeeper-cluster/node01/bin/../conf:
2021-02-04 16:20:42,319 [myid:1] - INFO  [main:Environment@98] - Server environment:java.library.path=/Users/hudewu/Library/Java/Extensions:/Library/Java/Extensions:/Network/Library/Java/Extensions:/System/Library/Java/Extensions:/usr/lib/java:.
2021-02-04 16:20:42,319 [myid:1] - INFO  [main:Environment@98] - Server environment:java.io.tmpdir=/var/folders/7p/73805s910zgd_2cm2xb1b7jw0000gn/T/
2021-02-04 16:20:42,319 [myid:1] - INFO  [main:Environment@98] - Server environment:java.compiler=<NA>
2021-02-04 16:20:42,320 [myid:1] - INFO  [main:Environment@98] - Server environment:os.name=Mac OS X
2021-02-04 16:20:42,320 [myid:1] - INFO  [main:Environment@98] - Server environment:os.arch=x86_64
2021-02-04 16:20:42,320 [myid:1] - INFO  [main:Environment@98] - Server environment:os.version=10.15.7
2021-02-04 16:20:42,320 [myid:1] - INFO  [main:Environment@98] - Server environment:user.name=hudewu
2021-02-04 16:20:42,320 [myid:1] - INFO  [main:Environment@98] - Server environment:user.home=/Users/hudewu
2021-02-04 16:20:42,320 [myid:1] - INFO  [main:Environment@98] - Server environment:user.dir=/Users/hudewu/Desktop/dev
2021-02-04 16:20:42,321 [myid:1] - INFO  [main:Environment@98] - Server environment:os.memory.free=100MB
2021-02-04 16:20:42,321 [myid:1] - INFO  [main:Environment@98] - Server environment:os.memory.max=889MB
2021-02-04 16:20:42,321 [myid:1] - INFO  [main:Environment@98] - Server environment:os.memory.total=123MB
2021-02-04 16:20:42,321 [myid:1] - INFO  [main:ZooKeeperServer@129] - zookeeper.enableEagerACLCheck = false
2021-02-04 16:20:42,321 [myid:1] - INFO  [main:ZooKeeperServer@137] - zookeeper.digest.enabled = true
2021-02-04 16:20:42,321 [myid:1] - INFO  [main:ZooKeeperServer@141] - zookeeper.closeSessionTxn.enabled = true
2021-02-04 16:20:42,322 [myid:1] - INFO  [main:ZooKeeperServer@1444] - zookeeper.flushDelay=0
2021-02-04 16:20:42,322 [myid:1] - INFO  [main:ZooKeeperServer@1453] - zookeeper.maxWriteQueuePollTime=0
2021-02-04 16:20:42,322 [myid:1] - INFO  [main:ZooKeeperServer@1462] - zookeeper.maxBatchSize=1000
2021-02-04 16:20:42,322 [myid:1] - INFO  [main:ZooKeeperServer@243] - zookeeper.intBufferStartingSizeBytes = 1024
2021-02-04 16:20:42,329 [myid:1] - INFO  [main:WatchManagerFactory@42] - Using org.apache.zookeeper.server.watch.WatchManager as watch manager
2021-02-04 16:20:42,330 [myid:1] - INFO  [main:WatchManagerFactory@42] - Using org.apache.zookeeper.server.watch.WatchManager as watch manager
2021-02-04 16:20:42,330 [myid:1] - INFO  [main:ZKDatabase@132] - zookeeper.snapshotSizeFactor = 0.33
2021-02-04 16:20:42,331 [myid:1] - INFO  [main:ZKDatabase@152] - zookeeper.commitLogCount=500
2021-02-04 16:20:42,358 [myid:1] - INFO  [main:QuorumPeer@2009] - Using insecure (non-TLS) quorum communication
2021-02-04 16:20:42,358 [myid:1] - INFO  [main:QuorumPeer@2015] - Port unification disabled
2021-02-04 16:20:42,358 [myid:1] - INFO  [main:QuorumPeer@174] - multiAddress.enabled set to false
2021-02-04 16:20:42,362 [myid:1] - INFO  [main:QuorumPeer@199] - multiAddress.reachabilityCheckEnabled set to true
2021-02-04 16:20:42,362 [myid:1] - INFO  [main:QuorumPeer@186] - multiAddress.reachabilityCheckTimeoutMs set to 1000
2021-02-04 16:20:42,363 [myid:1] - INFO  [main:QuorumPeer@2469] - QuorumPeer communication is not secured! (SASL auth disabled)
2021-02-04 16:20:42,363 [myid:1] - INFO  [main:QuorumPeer@2494] - quorum.cnxn.threads.size set to 20
2021-02-04 16:20:42,369 [myid:1] - INFO  [main:SnapStream@61] - zookeeper.snapshot.compression.method = CHECKED
2021-02-04 16:20:42,370 [myid:1] - INFO  [main:FileSnap@85] - Reading snapshot /Users/hudewu/Desktop/dev/zookeeper-cluster/node01/zkData/version-2/snapshot.0
2021-02-04 16:20:42,375 [myid:1] - INFO  [main:DataTree@1737] - The digest value is empty in snapshot
2021-02-04 16:20:42,406 [myid:1] - INFO  [main:ZKAuditProvider@42] - ZooKeeper audit is disabled.
2021-02-04 16:20:42,421 [myid:1] - INFO  [main:FileTxnSnapLog@363] - 73 txns loaded in 35 ms
2021-02-04 16:20:42,421 [myid:1] - INFO  [main:ZKDatabase@289] - Snapshot loaded in 57 ms, highest zxid is 0x500000016, digest is 16067033500
2021-02-04 16:20:42,430 [myid:1] - INFO  [main:Server@359] - jetty-9.4.24.v20191120; built: 2019-11-20T21:37:49.771Z; git: 363d5f2df3a8a28de40604320230664b9c793c16; jvm 1.8.0_92-b14
2021-02-04 16:20:42,549 [myid:1] - INFO  [main:DefaultSessionIdManager@333] - DefaultSessionIdManager workerName=node0
2021-02-04 16:20:42,549 [myid:1] - INFO  [main:DefaultSessionIdManager@338] - No SessionScavenger set, using defaults
2021-02-04 16:20:42,559 [myid:1] - INFO  [main:HouseKeeper@140] - node0 Scavenging every 660000ms
2021-02-04 16:20:42,578 [myid:1] - WARN  [main:ConstraintSecurityHandler@757] - ServletContext@o.e.j.s.ServletContextHandler@59e5ddf{/,null,STARTING} has uncovered http methods for path: /*
2021-02-04 16:20:42,653 [myid:1] - INFO  [main:ContextHandler@825] - Started o.e.j.s.ServletContextHandler@59e5ddf{/,null,AVAILABLE}
2021-02-04 16:20:42,686 [myid:1] - INFO  [main:AbstractConnector@330] - Started ServerConnector@4e9ba398{HTTP/1.1,[http/1.1]}{0.0.0.0:8080}
2021-02-04 16:20:42,686 [myid:1] - INFO  [main:Server@399] - Started @11226ms
2021-02-04 16:20:42,687 [myid:1] - INFO  [main:JettyAdminServer@182] - Started AdminServer on address 0.0.0.0, port 8080 and command URL /commands
2021-02-04 16:20:42,687 [myid:1] - INFO  [main:QuorumPeer@2511] - Using 10000ms as the quorum cnxn socket timeout
2021-02-04 16:20:42,695 [myid:1] - INFO  [main:QuorumCnxManager$Listener@923] - Election port bind maximum retries is 3
2021-02-04 16:20:42,699 [myid:1] - INFO  [main:FastLeaderElection@88] - zookeeper.fastleader.minNotificationInterval=200
2021-02-04 16:20:42,700 [myid:1] - INFO  [main:FastLeaderElection@90] - zookeeper.fastleader.maxNotificationInterval=60000
2021-02-04 16:20:42,704 [myid:1] - INFO  [ListenerHandler-localhost/127.0.0.1:3388:QuorumCnxManager$Listener$ListenerHandler@1065] - 1 is accepting connections now, my election bind port: localhost/127.0.0.1:3388
2021-02-04 16:20:42,723 [myid:1] - INFO  [QuorumPeer[myid=1](plain=[0:0:0:0:0:0:0:0]:2181)(secure=disabled):QuorumPeer@1374] - LOOKING
2021-02-04 16:20:42,725 [myid:1] - INFO  [QuorumPeer[myid=1](plain=[0:0:0:0:0:0:0:0]:2181)(secure=disabled):FastLeaderElection@944] - New election. My id = 1, proposed zxid=0x500000016
2021-02-04 16:20:42,736 [myid:1] - INFO  [WorkerReceiver[myid=1]:FastLeaderElection$Messenger$WorkerReceiver@389] - Notification: my state:LOOKING; n.sid:1, n.state:LOOKING, n.leader:1, n.round:0x1, n.peerEpoch:0x5, n.zxid:0x500000016, message format version:0x2, n.config version:0x0
2021-02-04 16:20:42,741 [myid:1] - WARN  [QuorumConnectionThread-[myid=1]-2:QuorumCnxManager@400] - Cannot open channel to 3 at election address localhost/127.0.0.1:3390
java.net.ConnectException: Connection refused
	at java.net.PlainSocketImpl.socketConnect(Native Method)
	at java.net.AbstractPlainSocketImpl.doConnect(AbstractPlainSocketImpl.java:350)
	at java.net.AbstractPlainSocketImpl.connectToAddress(AbstractPlainSocketImpl.java:206)
	at java.net.AbstractPlainSocketImpl.connect(AbstractPlainSocketImpl.java:188)
	at java.net.SocksSocketImpl.connect(SocksSocketImpl.java:392)
	at java.net.Socket.connect(Socket.java:589)
	at org.apache.zookeeper.server.quorum.QuorumCnxManager.initiateConnection(QuorumCnxManager.java:383)
	at org.apache.zookeeper.server.quorum.QuorumCnxManager$QuorumConnectionReqThread.run(QuorumCnxManager.java:457)
	at java.util.concurrent.ThreadPoolExecutor.runWorker(ThreadPoolExecutor.java:1142)
	at java.util.concurrent.ThreadPoolExecutor$Worker.run(ThreadPoolExecutor.java:617)
	at java.lang.Thread.run(Thread.java:745)
2021-02-04 16:20:42,741 [myid:1] - WARN  [QuorumConnectionThread-[myid=1]-1:QuorumCnxManager@400] - Cannot open channel to 2 at election address localhost/127.0.0.1:3389
java.net.ConnectException: Connection refused
	at java.net.PlainSocketImpl.socketConnect(Native Method)
	at java.net.AbstractPlainSocketImpl.doConnect(AbstractPlainSocketImpl.java:350)
	at java.net.AbstractPlainSocketImpl.connectToAddress(AbstractPlainSocketImpl.java:206)
	at java.net.AbstractPlainSocketImpl.connect(AbstractPlainSocketImpl.java:188)
	at java.net.SocksSocketImpl.connect(SocksSocketImpl.java:392)
	at java.net.Socket.connect(Socket.java:589)
	at org.apache.zookeeper.server.quorum.QuorumCnxManager.initiateConnection(QuorumCnxManager.java:383)
	at org.apache.zookeeper.server.quorum.QuorumCnxManager$QuorumConnectionReqThread.run(QuorumCnxManager.java:457)
	at java.util.concurrent.ThreadPoolExecutor.runWorker(ThreadPoolExecutor.java:1142)
	at java.util.concurrent.ThreadPoolExecutor$Worker.run(ThreadPoolExecutor.java:617)
	at java.lang.Thread.run(Thread.java:745)
2021-02-04 16:20:42,943 [myid:1] - WARN  [QuorumConnectionThread-[myid=1]-3:QuorumCnxManager@400] - Cannot open channel to 2 at election address localhost/127.0.0.1:3389
java.net.ConnectException: Connection refused
	at java.net.PlainSocketImpl.socketConnect(Native Method)
	at java.net.AbstractPlainSocketImpl.doConnect(AbstractPlainSocketImpl.java:350)
	at java.net.AbstractPlainSocketImpl.connectToAddress(AbstractPlainSocketImpl.java:206)
	at java.net.AbstractPlainSocketImpl.connect(AbstractPlainSocketImpl.java:188)
	at java.net.SocksSocketImpl.connect(SocksSocketImpl.java:392)
	at java.net.Socket.connect(Socket.java:589)
	at org.apache.zookeeper.server.quorum.QuorumCnxManager.initiateConnection(QuorumCnxManager.java:383)
	at org.apache.zookeeper.server.quorum.QuorumCnxManager$QuorumConnectionReqThread.run(QuorumCnxManager.java:457)
	at java.util.concurrent.ThreadPoolExecutor.runWorker(ThreadPoolExecutor.java:1142)
	at java.util.concurrent.ThreadPoolExecutor$Worker.run(ThreadPoolExecutor.java:617)
	at java.lang.Thread.run(Thread.java:745)
2021-02-04 16:20:42,943 [myid:1] - WARN  [QuorumConnectionThread-[myid=1]-1:QuorumCnxManager@400] - Cannot open channel to 3 at election address localhost/127.0.0.1:3390
java.net.ConnectException: Connection refused
	at java.net.PlainSocketImpl.socketConnect(Native Method)
	at java.net.AbstractPlainSocketImpl.doConnect(AbstractPlainSocketImpl.java:350)
	at java.net.AbstractPlainSocketImpl.connectToAddress(AbstractPlainSocketImpl.java:206)
	at java.net.AbstractPlainSocketImpl.connect(AbstractPlainSocketImpl.java:188)
	at java.net.SocksSocketImpl.connect(SocksSocketImpl.java:392)
	at java.net.Socket.connect(Socket.java:589)
	at org.apache.zookeeper.server.quorum.QuorumCnxManager.initiateConnection(QuorumCnxManager.java:383)
	at org.apache.zookeeper.server.quorum.QuorumCnxManager$QuorumConnectionReqThread.run(QuorumCnxManager.java:457)
	at java.util.concurrent.ThreadPoolExecutor.runWorker(ThreadPoolExecutor.java:1142)
	at java.util.concurrent.ThreadPoolExecutor$Worker.run(ThreadPoolExecutor.java:617)
	at java.lang.Thread.run(Thread.java:745)
2021-02-04 16:20:42,943 [myid:1] - INFO  [QuorumPeer[myid=1](plain=[0:0:0:0:0:0:0:0]:2181)(secure=disabled):FastLeaderElection@979] - Notification time out: 400
2021-02-04 16:20:43,345 [myid:1] - INFO  [QuorumPeer[myid=1](plain=[0:0:0:0:0:0:0:0]:2181)(secure=disabled):FastLeaderElection@979] - Notification time out: 800
2021-02-04 16:20:43,348 [myid:1] - WARN  [QuorumConnectionThread-[myid=1]-3:QuorumCnxManager@400] - Cannot open channel to 3 at election address localhost/127.0.0.1:3390
java.net.ConnectException: Connection refused
	at java.net.PlainSocketImpl.socketConnect(Native Method)
	at java.net.AbstractPlainSocketImpl.doConnect(AbstractPlainSocketImpl.java:350)
	at java.net.AbstractPlainSocketImpl.connectToAddress(AbstractPlainSocketImpl.java:206)
	at java.net.AbstractPlainSocketImpl.connect(AbstractPlainSocketImpl.java:188)
	at java.net.SocksSocketImpl.connect(SocksSocketImpl.java:392)
	at java.net.Socket.connect(Socket.java:589)
	at org.apache.zookeeper.server.quorum.QuorumCnxManager.initiateConnection(QuorumCnxManager.java:383)
	at org.apache.zookeeper.server.quorum.QuorumCnxManager$QuorumConnectionReqThread.run(QuorumCnxManager.java:457)
	at java.util.concurrent.ThreadPoolExecutor.runWorker(ThreadPoolExecutor.java:1142)
	at java.util.concurrent.ThreadPoolExecutor$Worker.run(ThreadPoolExecutor.java:617)
	at java.lang.Thread.run(Thread.java:745)
2021-02-04 16:20:43,351 [myid:1] - INFO  [QuorumConnectionThread-[myid=1]-1:QuorumCnxManager@513] - Have smaller server identifier, so dropping the connection: (myId:1 --> sid:2)
2021-02-04 16:20:43,357 [myid:1] - INFO  [ListenerHandler-localhost/127.0.0.1:3388:QuorumCnxManager$Listener$ListenerHandler@1070] - Received connection request from /127.0.0.1:53223
2021-02-04 16:20:43,374 [myid:1] - INFO  [WorkerReceiver[myid=1]:FastLeaderElection$Messenger$WorkerReceiver@389] - Notification: my state:LOOKING; n.sid:2, n.state:LOOKING, n.leader:2, n.round:0x1, n.peerEpoch:0x5, n.zxid:0x500000017, message format version:0x2, n.config version:0x0
2021-02-04 16:20:43,377 [myid:1] - INFO  [WorkerReceiver[myid=1]:FastLeaderElection$Messenger$WorkerReceiver@389] - Notification: my state:LOOKING; n.sid:1, n.state:LOOKING, n.leader:2, n.round:0x1, n.peerEpoch:0x5, n.zxid:0x500000017, message format version:0x2, n.config version:0x0
2021-02-04 16:20:43,379 [myid:1] - WARN  [QuorumConnectionThread-[myid=1]-1:QuorumCnxManager@400] - Cannot open channel to 3 at election address localhost/127.0.0.1:3390
java.net.ConnectException: Connection refused
	at java.net.PlainSocketImpl.socketConnect(Native Method)
	at java.net.AbstractPlainSocketImpl.doConnect(AbstractPlainSocketImpl.java:350)
	at java.net.AbstractPlainSocketImpl.connectToAddress(AbstractPlainSocketImpl.java:206)
	at java.net.AbstractPlainSocketImpl.connect(AbstractPlainSocketImpl.java:188)
	at java.net.SocksSocketImpl.connect(SocksSocketImpl.java:392)
	at java.net.Socket.connect(Socket.java:589)
	at org.apache.zookeeper.server.quorum.QuorumCnxManager.initiateConnection(QuorumCnxManager.java:383)
	at org.apache.zookeeper.server.quorum.QuorumCnxManager$QuorumConnectionReqThread.run(QuorumCnxManager.java:457)
	at java.util.concurrent.ThreadPoolExecutor.runWorker(ThreadPoolExecutor.java:1142)
	at java.util.concurrent.ThreadPoolExecutor$Worker.run(ThreadPoolExecutor.java:617)
	at java.lang.Thread.run(Thread.java:745)
2021-02-04 16:20:43,583 [myid:1] - INFO  [QuorumPeer[myid=1](plain=[0:0:0:0:0:0:0:0]:2181)(secure=disabled):QuorumPeer@857] - Peer state changed: following
2021-02-04 16:20:43,584 [myid:1] - INFO  [QuorumPeer[myid=1](plain=[0:0:0:0:0:0:0:0]:2181)(secure=disabled):QuorumPeer@1456] - FOLLOWING
2021-02-04 16:20:43,589 [myid:1] - INFO  [QuorumPeer[myid=1](plain=[0:0:0:0:0:0:0:0]:2181)(secure=disabled):Learner@117] - leaderConnectDelayDuringRetryMs: 100
2021-02-04 16:20:43,589 [myid:1] - INFO  [QuorumPeer[myid=1](plain=[0:0:0:0:0:0:0:0]:2181)(secure=disabled):Learner@118] - TCP NoDelay set to: true
2021-02-04 16:20:43,591 [myid:1] - INFO  [QuorumPeer[myid=1](plain=[0:0:0:0:0:0:0:0]:2181)(secure=disabled):BlueThrottle@141] - Weighed connection throttling is disabled
2021-02-04 16:20:43,592 [myid:1] - INFO  [QuorumPeer[myid=1](plain=[0:0:0:0:0:0:0:0]:2181)(secure=disabled):ZooKeeperServer@1256] - minSessionTimeout set to 4000
2021-02-04 16:20:43,593 [myid:1] - INFO  [QuorumPeer[myid=1](plain=[0:0:0:0:0:0:0:0]:2181)(secure=disabled):ZooKeeperServer@1265] - maxSessionTimeout set to 40000
2021-02-04 16:20:43,594 [myid:1] - INFO  [QuorumPeer[myid=1](plain=[0:0:0:0:0:0:0:0]:2181)(secure=disabled):ResponseCache@45] - Response cache size is initialized with value 400.
2021-02-04 16:20:43,594 [myid:1] - INFO  [QuorumPeer[myid=1](plain=[0:0:0:0:0:0:0:0]:2181)(secure=disabled):ResponseCache@45] - Response cache size is initialized with value 400.
2021-02-04 16:20:43,596 [myid:1] - INFO  [QuorumPeer[myid=1](plain=[0:0:0:0:0:0:0:0]:2181)(secure=disabled):RequestPathMetricsCollector@111] - zookeeper.pathStats.slotCapacity = 60
2021-02-04 16:20:43,596 [myid:1] - INFO  [QuorumPeer[myid=1](plain=[0:0:0:0:0:0:0:0]:2181)(secure=disabled):RequestPathMetricsCollector@112] - zookeeper.pathStats.slotDuration = 15
2021-02-04 16:20:43,596 [myid:1] - INFO  [QuorumPeer[myid=1](plain=[0:0:0:0:0:0:0:0]:2181)(secure=disabled):RequestPathMetricsCollector@113] - zookeeper.pathStats.maxDepth = 6
2021-02-04 16:20:43,598 [myid:1] - INFO  [QuorumPeer[myid=1](plain=[0:0:0:0:0:0:0:0]:2181)(secure=disabled):RequestPathMetricsCollector@114] - zookeeper.pathStats.initialDelay = 5
2021-02-04 16:20:43,598 [myid:1] - INFO  [QuorumPeer[myid=1](plain=[0:0:0:0:0:0:0:0]:2181)(secure=disabled):RequestPathMetricsCollector@115] - zookeeper.pathStats.delay = 5
2021-02-04 16:20:43,598 [myid:1] - INFO  [QuorumPeer[myid=1](plain=[0:0:0:0:0:0:0:0]:2181)(secure=disabled):RequestPathMetricsCollector@116] - zookeeper.pathStats.enabled = false
2021-02-04 16:20:43,599 [myid:1] - INFO  [QuorumPeer[myid=1](plain=[0:0:0:0:0:0:0:0]:2181)(secure=disabled):ZooKeeperServer@1481] - The max bytes for all large requests are set to 104857600
2021-02-04 16:20:43,600 [myid:1] - INFO  [QuorumPeer[myid=1](plain=[0:0:0:0:0:0:0:0]:2181)(secure=disabled):ZooKeeperServer@1495] - The large request threshold is set to -1
2021-02-04 16:20:43,600 [myid:1] - INFO  [QuorumPeer[myid=1](plain=[0:0:0:0:0:0:0:0]:2181)(secure=disabled):ZooKeeperServer@339] - Created server with tickTime 2000 minSessionTimeout 4000 maxSessionTimeout 40000 clientPortListenBacklog -1 datadir /Users/hudewu/Desktop/dev/zookeeper-cluster/node01/zkData/version-2 snapdir /Users/hudewu/Desktop/dev/zookeeper-cluster/node01/zkData/version-2
2021-02-04 16:20:43,602 [myid:1] - INFO  [QuorumPeer[myid=1](plain=[0:0:0:0:0:0:0:0]:2181)(secure=disabled):Follower@75] - FOLLOWING - LEADER ELECTION TOOK - 877 MS
2021-02-04 16:20:43,605 [myid:1] - INFO  [QuorumPeer[myid=1](plain=[0:0:0:0:0:0:0:0]:2181)(secure=disabled):QuorumPeer@863] - Peer state changed: following - discovery
2021-02-04 16:20:43,610 [myid:1] - WARN  [LeaderConnector-localhost/127.0.0.1:2289:Learner$LeaderConnector@394] - Unexpected exception, tries=0, remaining init limit=20000, connecting to localhost/127.0.0.1:2289
java.net.ConnectException: Connection refused
	at java.net.PlainSocketImpl.socketConnect(Native Method)
	at java.net.AbstractPlainSocketImpl.doConnect(AbstractPlainSocketImpl.java:350)
	at java.net.AbstractPlainSocketImpl.connectToAddress(AbstractPlainSocketImpl.java:206)
	at java.net.AbstractPlainSocketImpl.connect(AbstractPlainSocketImpl.java:188)
	at java.net.SocksSocketImpl.connect(SocksSocketImpl.java:392)
	at java.net.Socket.connect(Socket.java:589)
	at org.apache.zookeeper.server.quorum.Learner.sockConnect(Learner.java:255)
	at org.apache.zookeeper.server.quorum.Learner$LeaderConnector.connectToLeader(Learner.java:368)
	at org.apache.zookeeper.server.quorum.Learner$LeaderConnector.run(Learner.java:326)
	at java.util.concurrent.Executors$RunnableAdapter.call(Executors.java:511)
	at java.util.concurrent.FutureTask.run(FutureTask.java:266)
	at java.util.concurrent.ThreadPoolExecutor.runWorker(ThreadPoolExecutor.java:1142)
	at java.util.concurrent.ThreadPoolExecutor$Worker.run(ThreadPoolExecutor.java:617)
	at java.lang.Thread.run(Thread.java:745)
2021-02-04 16:20:43,712 [myid:1] - INFO  [LeaderConnector-localhost/127.0.0.1:2289:Learner$LeaderConnector@330] - Successfully connected to leader, using address: localhost/127.0.0.1:2289
2021-02-04 16:20:43,729 [myid:1] - INFO  [QuorumPeer[myid=1](plain=[0:0:0:0:0:0:0:0]:2181)(secure=disabled):QuorumPeer@863] - Peer state changed: following - synchronization
2021-02-04 16:20:43,732 [myid:1] - INFO  [QuorumPeer[myid=1](plain=[0:0:0:0:0:0:0:0]:2181)(secure=disabled):Learner@511] - Getting a diff from the leader 0x500000017
2021-02-04 16:20:43,732 [myid:1] - INFO  [QuorumPeer[myid=1](plain=[0:0:0:0:0:0:0:0]:2181)(secure=disabled):QuorumPeer@868] - Peer state changed: following - synchronization - diff
2021-02-04 16:20:43,736 [myid:1] - WARN  [QuorumPeer[myid=1](plain=[0:0:0:0:0:0:0:0]:2181)(secure=disabled):Learner@577] - Got zxid 0x500000017 expected 0x1
2021-02-04 16:20:43,737 [myid:1] - INFO  [QuorumPeer[myid=1](plain=[0:0:0:0:0:0:0:0]:2181)(secure=disabled):Learner@677] - Learner received NEWLEADER message
2021-02-04 16:20:43,737 [myid:1] - INFO  [QuorumPeer[myid=1](plain=[0:0:0:0:0:0:0:0]:2181)(secure=disabled):QuorumPeer@1811] - Dynamic reconfig is disabled, we don't store the last seen config.
2021-02-04 16:20:43,769 [myid:1] - INFO  [QuorumPeer[myid=1](plain=[0:0:0:0:0:0:0:0]:2181)(secure=disabled):Learner@661] - Learner received UPTODATE message
2021-02-04 16:20:43,769 [myid:1] - INFO  [QuorumPeer[myid=1](plain=[0:0:0:0:0:0:0:0]:2181)(secure=disabled):QuorumPeer@868] - Peer state changed: following - synchronization
2021-02-04 16:20:43,774 [myid:1] - INFO  [QuorumPeer[myid=1](plain=[0:0:0:0:0:0:0:0]:2181)(secure=disabled):CommitProcessor@476] - Configuring CommitProcessor with readBatchSize -1 commitBatchSize 1
2021-02-04 16:20:43,774 [myid:1] - INFO  [QuorumPeer[myid=1](plain=[0:0:0:0:0:0:0:0]:2181)(secure=disabled):CommitProcessor@438] - Configuring CommitProcessor with 4 worker threads.
2021-02-04 16:20:43,776 [myid:1] - INFO  [QuorumPeer[myid=1](plain=[0:0:0:0:0:0:0:0]:2181)(secure=disabled):RequestThrottler@74] - zookeeper.request_throttler.shutdownTimeout = 10000
2021-02-04 16:20:43,789 [myid:1] - INFO  [SyncThread:1:FileTxnLog@284] - Creating new log file: log.500000017
2021-02-04 16:20:43,789 [myid:1] - INFO  [QuorumPeer[myid=1](plain=[0:0:0:0:0:0:0:0]:2181)(secure=disabled):QuorumPeer@863] - Peer state changed: following - broadcast
2021-02-04 16:20:44,394 [myid:1] - INFO  [ListenerHandler-localhost/127.0.0.1:3388:QuorumCnxManager$Listener$ListenerHandler@1070] - Received connection request from /127.0.0.1:53229
2021-02-04 16:20:44,402 [myid:1] - INFO  [WorkerReceiver[myid=1]:FastLeaderElection$Messenger$WorkerReceiver@389] - Notification: my state:FOLLOWING; n.sid:3, n.state:LOOKING, n.leader:3, n.round:0x1, n.peerEpoch:0x5, n.zxid:0x500000017, message format version:0x2, n.config version:0x0
2021-02-04 16:20:48,174 [myid:1] - WARN  [QuorumPeer[myid=1](plain=[0:0:0:0:0:0:0:0]:2181)(secure=disabled):Follower@170] - Got zxid 0x600000001 expected 0x1
2021-02-04 16:20:58,775 [myid:1] - INFO  [CommitProcessor:1:LearnerSessionTracker@116] - Committing global session 0x100010e03530000
2021-02-04 16:20:59,292 [myid:1] - INFO  [CommitProcessor:1:LearnerSessionTracker@116] - Committing global session 0x300010e06100000
2021-02-04 16:20:59,294 [myid:1] - INFO  [CommitProcessor:1:LearnerSessionTracker@116] - Committing global session 0x200010e03570000
2021-02-04 16:27:23,689 [myid:1] - WARN  [NIOWorkerThread-5:NIOServerCnxn@364] - Unexpected exception
EndOfStreamException: Unable to read additional data from client, it probably closed the socket: address = /127.0.0.1:53236, session = 0x100010e03530000
	at org.apache.zookeeper.server.NIOServerCnxn.handleFailedRead(NIOServerCnxn.java:163)
	at org.apache.zookeeper.server.NIOServerCnxn.doIO(NIOServerCnxn.java:326)
	at org.apache.zookeeper.server.NIOServerCnxnFactory$IOWorkRequest.doWork(NIOServerCnxnFactory.java:522)
	at org.apache.zookeeper.server.WorkerService$ScheduledWorkRequest.run(WorkerService.java:154)
	at java.util.concurrent.ThreadPoolExecutor.runWorker(ThreadPoolExecutor.java:1142)
	at java.util.concurrent.ThreadPoolExecutor$Worker.run(ThreadPoolExecutor.java:617)
	at java.lang.Thread.run(Thread.java:745)
2021-02-04 17:12:08,924 [myid:1] - INFO  [CommitProcessor:1:LearnerSessionTracker@116] - Committing global session 0x200010e03570001
2021-02-04 17:43:14,155 [myid:1] - INFO  [NIOWorkerThread-6:Learner@137] - Revalidating client: 0x200010e03570000
2021-02-04 17:43:19,425 [myid:1] - INFO  [CommitProcessor:1:LearnerSessionTracker@116] - Committing global session 0x100010e03530001
2021-02-04 17:50:23,172 [myid:1] - WARN  [NIOWorkerThread-5:NIOServerCnxn@364] - Unexpected exception
EndOfStreamException: Unable to read additional data from client, it probably closed the socket: address = /127.0.0.1:54617, session = 0x200010e03570000
	at org.apache.zookeeper.server.NIOServerCnxn.handleFailedRead(NIOServerCnxn.java:163)
	at org.apache.zookeeper.server.NIOServerCnxn.doIO(NIOServerCnxn.java:326)
	at org.apache.zookeeper.server.NIOServerCnxnFactory$IOWorkRequest.doWork(NIOServerCnxnFactory.java:522)
	at org.apache.zookeeper.server.WorkerService$ScheduledWorkRequest.run(WorkerService.java:154)
	at java.util.concurrent.ThreadPoolExecutor.runWorker(ThreadPoolExecutor.java:1142)
	at java.util.concurrent.ThreadPoolExecutor$Worker.run(ThreadPoolExecutor.java:617)
	at java.lang.Thread.run(Thread.java:745)
2021-02-04 17:50:23,173 [myid:1] - WARN  [NIOWorkerThread-4:NIOServerCnxn@364] - Unexpected exception
EndOfStreamException: Unable to read additional data from client, it probably closed the socket: address = /127.0.0.1:54630, session = 0x100010e03530001
	at org.apache.zookeeper.server.NIOServerCnxn.handleFailedRead(NIOServerCnxn.java:163)
	at org.apache.zookeeper.server.NIOServerCnxn.doIO(NIOServerCnxn.java:326)
	at org.apache.zookeeper.server.NIOServerCnxnFactory$IOWorkRequest.doWork(NIOServerCnxnFactory.java:522)
	at org.apache.zookeeper.server.WorkerService$ScheduledWorkRequest.run(WorkerService.java:154)
	at java.util.concurrent.ThreadPoolExecutor.runWorker(ThreadPoolExecutor.java:1142)
	at java.util.concurrent.ThreadPoolExecutor$Worker.run(ThreadPoolExecutor.java:617)
	at java.lang.Thread.run(Thread.java:745)
2021-02-04 20:13:27,629 [myid:1] - INFO  [NIOWorkerThread-8:Learner@137] - Revalidating client: 0x200010e03570000
2021-02-04 20:13:27,889 [myid:1] - INFO  [NIOWorkerThread-6:Learner@137] - Revalidating client: 0x100010e03530001
2021-02-04 20:13:40,017 [myid:1] - WARN  [NIOWorkerThread-6:NIOServerCnxn@364] - Unexpected exception
EndOfStreamException: Unable to read additional data from client, it probably closed the socket: address = /127.0.0.1:60173, session = 0x200010e03570000
	at org.apache.zookeeper.server.NIOServerCnxn.handleFailedRead(NIOServerCnxn.java:163)
	at org.apache.zookeeper.server.NIOServerCnxn.doIO(NIOServerCnxn.java:326)
	at org.apache.zookeeper.server.NIOServerCnxnFactory$IOWorkRequest.doWork(NIOServerCnxnFactory.java:522)
	at org.apache.zookeeper.server.WorkerService$ScheduledWorkRequest.run(WorkerService.java:154)
	at java.util.concurrent.ThreadPoolExecutor.runWorker(ThreadPoolExecutor.java:1142)
	at java.util.concurrent.ThreadPoolExecutor$Worker.run(ThreadPoolExecutor.java:617)
	at java.lang.Thread.run(Thread.java:745)
2021-02-04 20:13:40,021 [myid:1] - WARN  [NIOWorkerThread-7:NIOServerCnxn@364] - Unexpected exception
EndOfStreamException: Unable to read additional data from client, it probably closed the socket: address = /127.0.0.1:60175, session = 0x100010e03530001
	at org.apache.zookeeper.server.NIOServerCnxn.handleFailedRead(NIOServerCnxn.java:163)
	at org.apache.zookeeper.server.NIOServerCnxn.doIO(NIOServerCnxn.java:326)
	at org.apache.zookeeper.server.NIOServerCnxnFactory$IOWorkRequest.doWork(NIOServerCnxnFactory.java:522)
	at org.apache.zookeeper.server.WorkerService$ScheduledWorkRequest.run(WorkerService.java:154)
	at java.util.concurrent.ThreadPoolExecutor.runWorker(ThreadPoolExecutor.java:1142)
	at java.util.concurrent.ThreadPoolExecutor$Worker.run(ThreadPoolExecutor.java:617)
	at java.lang.Thread.run(Thread.java:745)
2021-02-04 20:18:20,209 [myid:1] - INFO  [NIOWorkerThread-3:Learner@137] - Revalidating client: 0x100010e03530001
2021-02-04 20:18:20,232 [myid:1] - INFO  [NIOWorkerThread-3:Learner@137] - Revalidating client: 0x200010e03570000
2021-02-04 20:26:49,177 [myid:1] - WARN  [NIOWorkerThread-1:NIOServerCnxn@364] - Unexpected exception
EndOfStreamException: Unable to read additional data from client, it probably closed the socket: address = /127.0.0.1:60362, session = 0x200010e03570000
	at org.apache.zookeeper.server.NIOServerCnxn.handleFailedRead(NIOServerCnxn.java:163)
	at org.apache.zookeeper.server.NIOServerCnxn.doIO(NIOServerCnxn.java:326)
	at org.apache.zookeeper.server.NIOServerCnxnFactory$IOWorkRequest.doWork(NIOServerCnxnFactory.java:522)
	at org.apache.zookeeper.server.WorkerService$ScheduledWorkRequest.run(WorkerService.java:154)
	at java.util.concurrent.ThreadPoolExecutor.runWorker(ThreadPoolExecutor.java:1142)
	at java.util.concurrent.ThreadPoolExecutor$Worker.run(ThreadPoolExecutor.java:617)
	at java.lang.Thread.run(Thread.java:745)
2021-02-04 20:26:49,179 [myid:1] - WARN  [NIOWorkerThread-3:NIOServerCnxn@364] - Unexpected exception
EndOfStreamException: Unable to read additional data from client, it probably closed the socket: address = /127.0.0.1:60361, session = 0x100010e03530001
	at org.apache.zookeeper.server.NIOServerCnxn.handleFailedRead(NIOServerCnxn.java:163)
	at org.apache.zookeeper.server.NIOServerCnxn.doIO(NIOServerCnxn.java:326)
	at org.apache.zookeeper.server.NIOServerCnxnFactory$IOWorkRequest.doWork(NIOServerCnxnFactory.java:522)
	at org.apache.zookeeper.server.WorkerService$ScheduledWorkRequest.run(WorkerService.java:154)
	at java.util.concurrent.ThreadPoolExecutor.runWorker(ThreadPoolExecutor.java:1142)
	at java.util.concurrent.ThreadPoolExecutor$Worker.run(ThreadPoolExecutor.java:617)
	at java.lang.Thread.run(Thread.java:745)
